ahdlcmicompile: Compiling ahdlcmi in input.ahdlSimDB//bsource_2b273e.va.bsource_2b273e.ahdlcmi/Linux-64/ for Linux-64 with optimize using gcc on Mon Apr  3 14:30:59 PDT 2023 [5.0]
ahdlcmicompile: Generating makefile
PATH:  /CMC/tools/cadence/SPECTRE20.10.155_lnx86/bin:/CMC/tools/cadence/SPECTRE20.10.155_lnx86/tools.lnx86/bin/64bit:/CMC/tools/cadence/SPECTRE20.10.155_lnx86/tools.lnx86/bin:/CMC/tools/cadence/SPECTRE20.10.155_lnx86/tools.lnx86/dfII/bin:/CMC/tools/mentor/aoi_cal_2019.1_37.21/bin:/CMC/tools/cadence/PVS19.12.000_lnx86/bin:/CMC/tools/cadence/PVS19.12.000_lnx86/tools/bin:/CMC/tools/cadence/XCELIUMMAIN19.09.008_lnx86/tools.lnx86/bin:/CMC/tools/cadence/XCELIUMMAIN19.09.008_lnx86/tools/bin:/CMC/tools/cadence/XCELIUMMAIN19.09.008_lnx86/bin:/CMC/tools/cadence/SPECTRE20.10.155_lnx86/tools.lnx86/dfII/bin:/CMC/tools/cadence/EXT19.10.000_lnx86/bin:/CMC/tools/cadence/EXT19.10.000_lnx86/tools/bin:/CMC/tools/cadence/ASSURA04.16.102-618_lnx86/tools/bin:/CMC/tools/cadence/ASSURA04.16.102-618_lnx86/tools/assura/bin:/CMC/kits/local/bin:/CMC/tools/cadence/IC06.18.020_lnx86/tools/dfII/local/bin:/CMC/tools/cadence/IC06.18.020_lnx86/tools/dfII/bin:/CMC/tools/cadence/IC06.18.020_lnx86/tools/bin:/CMC/tools/cadence/SPECTRE20.10.155_lnx86/tools.lnx86/dfII/bin:/CMC/tools/mentor/aoi_cal_2019.1_37.21/bin:/CMC/tools/cadence/PVS19.12.000_lnx86/bin:/CMC/tools/cadence/PVS19.12.000_lnx86/tools/bin:/CMC/tools/cadence/XCELIUMMAIN19.09.008_lnx86/tools.lnx86/bin:/CMC/tools/cadence/XCELIUMMAIN19.09.008_lnx86/tools/bin:/CMC/tools/cadence/XCELIUMMAIN19.09.008_lnx86/bin:/CMC/tools/cadence/SPECTRE20.10.155_lnx86/tools.lnx86/dfII/bin:/CMC/tools/cadence/EXT19.10.000_lnx86/bin:/CMC/tools/cadence/EXT19.10.000_lnx86/tools/bin:/CMC/tools/cadence/ASSURA04.16.102-618_lnx86/tools/bin:/CMC/tools/cadence/ASSURA04.16.102-618_lnx86/tools/assura/bin:/CMC/kits/local/bin:/CMC/tools/cadence/IC06.18.020_lnx86/tools/dfII/local/bin:/CMC/tools/cadence/IC06.18.020_lnx86/tools/dfII/bin:/CMC/tools/cadence/IC06.18.020_lnx86/tools/bin:/ubc/ece/home/ugrads/j/jm4304/bin:/ubc/ece/home/ugrads/j/jm4304/.local/bin:/usr/lib64/qt-3.3/bin:/usr/local/bin:/usr/bin:/usr/local/sbin:/usr/sbin:~:~
LD_LIBRARY_PATH:  /CMC/tools/cadence/SPECTRE20.10.155_lnx86/tools.lnx86/giganta/lib/64bit:/CMC/tools/cadence/SPECTRE20.10.155_lnx86/tools.lnx86/mdl/lib/64bit:/CMC/tools/cadence/SPECTRE20.10.155_lnx86/tools.lnx86/mmsim/lib/64bit:/CMC/tools/cadence/SPECTRE20.10.155_lnx86/tools.lnx86/tcltk-8.4.20/lib/64bit:/CMC/tools/cadence/SPECTRE20.10.155_lnx86/tools.lnx86/inca/lib/64bit:/CMC/tools/cadence/SPECTRE20.10.155_lnx86/tools.lnx86/awrmwo/lib/64bit:/CMC/tools/cadence/SPECTRE20.10.155_lnx86/tools.lnx86/spectre/lib/64bit:/CMC/tools/cadence/SPECTRE20.10.155_lnx86/tools.lnx86/dfII/lib/64bit:/CMC/tools/cadence/SPECTRE20.10.155_lnx86/tools.lnx86/fmc/lib/64bit:/CMC/tools/cadence/SPECTRE20.10.155_lnx86/tools.lnx86/lib/64bit:/CMC/tools/cadence/SPECTRE20.10.155_lnx86/tools.lnx86/lib/64bit:/CMC/tools/cadence/SPECTRE20.10.155_lnx86/tools.lnx86/lib:/CMC/tools/cadence/SPECTRE20.10.155_lnx86/tools.lnx86/lib/64bit/RHEL/RHEL7:/ubc/ece/home/ugrads/j/jm4304:/usr/lib64:/lib:/usr/lib:/usr/lib64:/lib:/usr/lib:~:~:~:~
/CMC/tools/cadence/SPECTRE20.10.155_lnx86/tools.lnx86/spectre/ahdlcmi/bin/gnumake -j12 -f GNUmakefile
Cleaning ./obj/optimize/5.0
rm -f -rf ./obj/optimize/5.0
Compiling C file bsource_2b273e_func.c (optimize)
Compiling C file bsource_2b273e_DcFuncDerLoad.c (optimize)
Compiling C file bsource_2b273e_DcFuncLoad.c (optimize)
/CMC/tools/cadence/SPECTRE20.10.155_lnx86/tools.lnx86/spectre/ahdlcmi/bin/64bit/ahdlcc 0 /CMC/tools/cadence/SPECTRE20.10.155_lnx86/tools.lnx86/cdsgcc/gcc/6.3/bin/gcc  -march=k8 -ffast-math  -fno-unsafe-math-optimizations -O3 -m64 -DSYSV -DSVR4 -D_REENTRANT -fPIC   -DconfigSPECTRE -I. -I/CMC/tools/cadence/SPECTRE20.10.155_lnx86/tools.lnx86/spectre/ahdlcmi/include -c bsource_2b273e_func.c -o obj/optimize/5.0/bsource_2b273e_func.o || rm -f -f obj/optimize/5.0/bsource_2b273e_func.o
/CMC/tools/cadence/SPECTRE20.10.155_lnx86/tools.lnx86/spectre/ahdlcmi/bin/64bit/ahdlcc 0 /CMC/tools/cadence/SPECTRE20.10.155_lnx86/tools.lnx86/cdsgcc/gcc/6.3/bin/gcc  -march=k8 -ffast-math  -fno-unsafe-math-optimizations -O3 -m64 -DSYSV -DSVR4 -D_REENTRANT -fPIC   -DconfigSPECTRE -I. -I/CMC/tools/cadence/SPECTRE20.10.155_lnx86/tools.lnx86/spectre/ahdlcmi/include -c bsource_2b273e_DcFuncDerLoad.c -o obj/optimize/5.0/bsource_2b273e_DcFuncDerLoad.o || rm -f -f obj/optimize/5.0/bsource_2b273e_DcFuncDerLoad.o
/CMC/tools/cadence/SPECTRE20.10.155_lnx86/tools.lnx86/spectre/ahdlcmi/bin/64bit/ahdlcc 0 /CMC/tools/cadence/SPECTRE20.10.155_lnx86/tools.lnx86/cdsgcc/gcc/6.3/bin/gcc  -march=k8 -ffast-math  -fno-unsafe-math-optimizations -O3 -m64 -DSYSV -DSVR4 -D_REENTRANT -fPIC   -DconfigSPECTRE -I. -I/CMC/tools/cadence/SPECTRE20.10.155_lnx86/tools.lnx86/spectre/ahdlcmi/include -c bsource_2b273e_DcFuncLoad.c -o obj/optimize/5.0/bsource_2b273e_DcFuncLoad.o || rm -f -f obj/optimize/5.0/bsource_2b273e_DcFuncLoad.o
Compiling C file bsource_2b273e_TranFuncDerLoad.c (optimize)
Compiling C file bsource_2b273e_TranFuncDerSimLoad.c (optimize)
Compiling C file bsource_2b273e_TranFuncLoad.c (optimize)
/CMC/tools/cadence/SPECTRE20.10.155_lnx86/tools.lnx86/spectre/ahdlcmi/bin/64bit/ahdlcc 0 /CMC/tools/cadence/SPECTRE20.10.155_lnx86/tools.lnx86/cdsgcc/gcc/6.3/bin/gcc  -march=k8 -ffast-math  -fno-unsafe-math-optimizations -O3 -m64 -DSYSV -DSVR4 -D_REENTRANT -fPIC   -DconfigSPECTRE -I. -I/CMC/tools/cadence/SPECTRE20.10.155_lnx86/tools.lnx86/spectre/ahdlcmi/include -c bsource_2b273e_TranFuncDerLoad.c -o obj/optimize/5.0/bsource_2b273e_TranFuncDerLoad.o || rm -f -f obj/optimize/5.0/bsource_2b273e_TranFuncDerLoad.o
/CMC/tools/cadence/SPECTRE20.10.155_lnx86/tools.lnx86/spectre/ahdlcmi/bin/64bit/ahdlcc 0 /CMC/tools/cadence/SPECTRE20.10.155_lnx86/tools.lnx86/cdsgcc/gcc/6.3/bin/gcc  -march=k8 -ffast-math  -fno-unsafe-math-optimizations -O3 -m64 -DSYSV -DSVR4 -D_REENTRANT -fPIC   -DconfigSPECTRE -I. -I/CMC/tools/cadence/SPECTRE20.10.155_lnx86/tools.lnx86/spectre/ahdlcmi/include -c bsource_2b273e_TranFuncDerSimLoad.c -o obj/optimize/5.0/bsource_2b273e_TranFuncDerSimLoad.o || rm -f -f obj/optimize/5.0/bsource_2b273e_TranFuncDerSimLoad.o
/CMC/tools/cadence/SPECTRE20.10.155_lnx86/tools.lnx86/spectre/ahdlcmi/bin/64bit/ahdlcc 0 /CMC/tools/cadence/SPECTRE20.10.155_lnx86/tools.lnx86/cdsgcc/gcc/6.3/bin/gcc  -march=k8 -ffast-math  -fno-unsafe-math-optimizations -O3 -m64 -DSYSV -DSVR4 -D_REENTRANT -fPIC   -DconfigSPECTRE -I. -I/CMC/tools/cadence/SPECTRE20.10.155_lnx86/tools.lnx86/spectre/ahdlcmi/include -c bsource_2b273e_TranFuncLoad.c -o obj/optimize/5.0/bsource_2b273e_TranFuncLoad.o || rm -f -f obj/optimize/5.0/bsource_2b273e_TranFuncLoad.o
Compiling C file bsource_2b273e_TranFuncSimLoad.c (optimize)
/CMC/tools/cadence/SPECTRE20.10.155_lnx86/tools.lnx86/spectre/ahdlcmi/bin/64bit/ahdlcc 0 /CMC/tools/cadence/SPECTRE20.10.155_lnx86/tools.lnx86/cdsgcc/gcc/6.3/bin/gcc  -march=k8 -ffast-math  -fno-unsafe-math-optimizations -O3 -m64 -DSYSV -DSVR4 -D_REENTRANT -fPIC   -DconfigSPECTRE -I. -I/CMC/tools/cadence/SPECTRE20.10.155_lnx86/tools.lnx86/spectre/ahdlcmi/include -c bsource_2b273e_TranFuncSimLoad.c -o obj/optimize/5.0/bsource_2b273e_TranFuncSimLoad.o || rm -f -f obj/optimize/5.0/bsource_2b273e_TranFuncSimLoad.o
Compiling C file bsource_2b273e_OpPointCalc.c (optimize)
/CMC/tools/cadence/SPECTRE20.10.155_lnx86/tools.lnx86/spectre/ahdlcmi/bin/64bit/ahdlcc 0 /CMC/tools/cadence/SPECTRE20.10.155_lnx86/tools.lnx86/cdsgcc/gcc/6.3/bin/gcc  -march=k8 -ffast-math  -fno-unsafe-math-optimizations -O3 -m64 -DSYSV -DSVR4 -D_REENTRANT -fPIC   -DconfigSPECTRE -I. -I/CMC/tools/cadence/SPECTRE20.10.155_lnx86/tools.lnx86/spectre/ahdlcmi/include -c bsource_2b273e_OpPointCalc.c -o obj/optimize/5.0/bsource_2b273e_OpPointCalc.o || rm -f -f obj/optimize/5.0/bsource_2b273e_OpPointCalc.o
Compiling C file bsource_2b273e_cmi_c.c (optimize)
/CMC/tools/cadence/SPECTRE20.10.155_lnx86/tools.lnx86/spectre/ahdlcmi/bin/64bit/ahdlcc 0 /CMC/tools/cadence/SPECTRE20.10.155_lnx86/tools.lnx86/cdsgcc/gcc/6.3/bin/gcc  -march=k8 -ffast-math  -fno-unsafe-math-optimizations -O3 -m64 -DSYSV -DSVR4 -D_REENTRANT -fPIC   -DconfigSPECTRE -I. -I/CMC/tools/cadence/SPECTRE20.10.155_lnx86/tools.lnx86/spectre/ahdlcmi/include -I/CMC/tools/cadence/SPECTRE20.10.155_lnx86/tools.lnx86/cmi/include -c bsource_2b273e_cmi_c.c -o obj/optimize/5.0/bsource_2b273e_cmi_c.o || rm -f -f obj/optimize/5.0/bsource_2b273e_cmi_c.o
<stdin>: In function 'bsource_2b273e_pGetInstanceParams':
<stdin>:1134:69: warning: implicit declaration of function 'devGetInstKnotStatus' [-Wimplicit-function-declaration]
<stdin>: In function 'bsource_2b273e_pDC_Load':
<stdin>:1418:33: warning: passing argument 1 of 'aslDevFillZeorDiagonalElemet' makes pointer from integer without a cast [-Wint-conversion]
In file included from <stdin>:24:0:
/CMC/tools/cadence/SPECTRE20.10.155_lnx86/tools.lnx86/spectre/ahdlcmi/include/ahdlDevLibGlobal.h:2757:33: note: expected 'void *' but argument is of type 'long int'
 ASL_FUNC_DECL_START extern void aslDevFillZeorDiagonalElemet( void *, int, unsigned int, struct ahdlFuncModeParam * );
                                 ^~~~~~~~~~~~~~~~~~~~~~~~~~~~
<stdin>: In function 'bsource_2b273e_pCompare':
<stdin>:1830:37: warning: assignment makes integer from pointer without a cast [-Wint-conversion]
<stdin>:1831:12: warning: passing argument 1 of 'memcpy' makes pointer from integer without a cast [-Wint-conversion]
In file included from /CMC/tools/cadence/SPECTRE20.10.155_lnx86/tools.lnx86/spectre/ahdlcmi/include/ahdlPiCmi.h:5:0,
                 from /CMC/tools/cadence/SPECTRE20.10.155_lnx86/tools.lnx86/spectre/ahdlcmi/include/ahdlDevLibGlobal.h:83,
                 from <stdin>:24:
/usr/include/string.h:42:14: note: expected 'void * restrict' but argument is of type 'long int'
 extern void *memcpy (void *__restrict __dest, const void *__restrict __src,
              ^~~~~~
<stdin>:1831:47: warning: passing argument 2 of 'memcpy' makes pointer from integer without a cast [-Wint-conversion]
In file included from /CMC/tools/cadence/SPECTRE20.10.155_lnx86/tools.lnx86/spectre/ahdlcmi/include/ahdlPiCmi.h:5:0,
                 from /CMC/tools/cadence/SPECTRE20.10.155_lnx86/tools.lnx86/spectre/ahdlcmi/include/ahdlDevLibGlobal.h:83,
                 from <stdin>:24:
/usr/include/string.h:42:14: note: expected 'const void * restrict' but argument is of type 'long int'
 extern void *memcpy (void *__restrict __dest, const void *__restrict __src,
              ^~~~~~
<stdin>:1833:37: warning: assignment makes integer from pointer without a cast [-Wint-conversion]
<stdin>: In function 'bsource_2b273e_pGetMatrixPointers':
<stdin>:2007:34: warning: assignment makes integer from pointer without a cast [-Wint-conversion]
<stdin>: In function 'bsource_2b273e_pAnalTranLoad':
<stdin>:2722:34: warning: passing argument 1 of 'aslDevFillZeorDiagonalElemet' makes pointer from integer without a cast [-Wint-conversion]
In file included from <stdin>:24:0:
/CMC/tools/cadence/SPECTRE20.10.155_lnx86/tools.lnx86/spectre/ahdlcmi/include/ahdlDevLibGlobal.h:2757:33: note: expected 'void *' but argument is of type 'long int'
 ASL_FUNC_DECL_START extern void aslDevFillZeorDiagonalElemet( void *, int, unsigned int, struct ahdlFuncModeParam * );
                                 ^~~~~~~~~~~~~~~~~~~~~~~~~~~~
<stdin>: In function 'bsource_2b273e_pNoiseBindSrcs':
<stdin>:2964:49: warning: passing argument 3 of 'aslDevNoiseBindStartModel' discards 'const' qualifier from pointer target type [-Wdiscarded-qualifiers]
In file included from <stdin>:24:0:
/CMC/tools/cadence/SPECTRE20.10.155_lnx86/tools.lnx86/spectre/ahdlcmi/include/ahdlDevLibGlobal.h:1132:33: note: expected 'char *' but argument is of type 'devModelID {aka const char *}'
 ASL_FUNC_DECL_START extern void aslDevNoiseBindStartModel( struct noiseData *, devInstKnot *, char *, char * );
                                 ^~~~~~~~~~~~~~~~~~~~~~~~~
<stdin>: In function 'bsource_2b273e_pNoiseNameSrcs':
<stdin>:3027:44: warning: passing argument 3 of 'aslDevNoiseNameModel' discards 'const' qualifier from pointer target type [-Wdiscarded-qualifiers]
In file included from <stdin>:24:0:
/CMC/tools/cadence/SPECTRE20.10.155_lnx86/tools.lnx86/spectre/ahdlcmi/include/ahdlDevLibGlobal.h:1140:40: note: expected 'char *' but argument is of type 'devModelID {aka const char *}'
 ASL_FUNC_DECL_START extern msgSeverity aslDevNoiseNameModel( struct noiseData *, devInstKnot *, char *, char * );
                                        ^~~~~~~~~~~~~~~~~~~~
<stdin>: In function 'bsource_2b273e_pSaveRestart':
<stdin>:3175:4: warning: implicit declaration of function 'pklAccessDouble' [-Wimplicit-function-declaration]
<stdin>:3176:30: warning: passing argument 2 of 'aslDevAvarSR' from incompatible pointer type [-Wincompatible-pointer-types]
In file included from <stdin>:24:0:
/CMC/tools/cadence/SPECTRE20.10.155_lnx86/tools.lnx86/spectre/ahdlcmi/include/ahdlDevLibGlobal.h:1262:39: note: expected 'struct ahdlAnalogVar *' but argument is of type 'char *'
 ASL_FUNC_DECL_START extern PklError_e aslDevAvarSR( int, struct ahdlAnalogVar *, char *, char *, char *, PklJar_t * );
                                       ^~~~~~~~~~~~
<stdin>: In function 'bsource_2b273e_pSaveRestartInst':
<stdin>:3244:28: warning: passing argument 2 of 'aslDevAvarSR' from incompatible pointer type [-Wincompatible-pointer-types]
In file included from <stdin>:24:0:
/CMC/tools/cadence/SPECTRE20.10.155_lnx86/tools.lnx86/spectre/ahdlcmi/include/ahdlDevLibGlobal.h:1262:39: note: expected 'struct ahdlAnalogVar *' but argument is of type 'char *'
 ASL_FUNC_DECL_START extern PklError_e aslDevAvarSR( int, struct ahdlAnalogVar *, char *, char *, char *, PklJar_t * );
                                       ^~~~~~~~~~~~
<stdin>: In function 'ahdlbsource_2b273eDescInstall':
<stdin>:3380:2: warning: implicit declaration of function 'descSetDeviceType' [-Wimplicit-function-declaration]
<stdin>:3382:2: warning: implicit declaration of function 'descSetSetContrInfoPtr' [-Wimplicit-function-declaration]
<stdin>:3389:2: warning: implicit declaration of function 'descSetCopySignals' [-Wimplicit-function-declaration]
<stdin>:3405:2: warning: implicit declaration of function 'descSetPreload' [-Wimplicit-function-declaration]
<stdin>:3412:2: warning: implicit declaration of function 'descSetNoiseLoadFreqDep' [-Wimplicit-function-declaration]
<stdin>:3414:2: warning: implicit declaration of function 'descSetNoiseBindSrcs' [-Wimplicit-function-declaration]
<stdin>:3415:2: warning: implicit declaration of function 'descSetNoiseNameSrcs' [-Wimplicit-function-declaration]
<stdin>:3420:2: warning: implicit declaration of function 'descSetGetNodeNamesForBranch' [-Wimplicit-function-declaration]
<stdin>:3421:2: warning: implicit declaration of function 'descSetGetLinearityFactor' [-Wimplicit-function-declaration]
rm -f -rf bsource_2b273e_TranFuncSimLoad.c
rm -f -rf bsource_2b273e_DcFuncLoad.c
rm -f -rf bsource_2b273e_TranFuncLoad.c
rm -f -rf bsource_2b273e_OpPointCalc.c
rm -f -rf bsource_2b273e_DcFuncDerLoad.c
rm -f -rf bsource_2b273e_TranFuncDerSimLoad.c
rm -f -rf bsource_2b273e_TranFuncDerLoad.c
rm -f -rf bsource_2b273e_func.c
rm -f -rf bsource_2b273e_cmi_c.c
/CMC/tools/cadence/SPECTRE20.10.155_lnx86/tools.lnx86/cdsgcc/gcc/6.3/bin/gcc -shared -O3 -m64 -fPIC -o obj/optimize/5.0/libahdlcmi_bsource_2b273e.so ./obj/optimize/5.0/bsource_2b273e_func.o ./obj/optimize/5.0/bsource_2b273e_DcFuncDerLoad.o ./obj/optimize/5.0/bsource_2b273e_DcFuncLoad.o ./obj/optimize/5.0/bsource_2b273e_TranFuncDerLoad.o ./obj/optimize/5.0/bsource_2b273e_TranFuncDerSimLoad.o ./obj/optimize/5.0/bsource_2b273e_TranFuncLoad.o ./obj/optimize/5.0/bsource_2b273e_TranFuncSimLoad.o ./obj/optimize/5.0/bsource_2b273e_OpPointCalc.o ./obj/optimize/5.0/bsource_2b273e_cmi_c.o  -Wl,-rpath,/usr/lib -Wl,-rpath,/lib -s 
rm -f -f ./obj/optimize/5.0/bsource_2b273e_func.o ./obj/optimize/5.0/bsource_2b273e_DcFuncDerLoad.o ./obj/optimize/5.0/bsource_2b273e_DcFuncLoad.o ./obj/optimize/5.0/bsource_2b273e_TranFuncDerLoad.o ./obj/optimize/5.0/bsource_2b273e_TranFuncDerSimLoad.o ./obj/optimize/5.0/bsource_2b273e_TranFuncLoad.o ./obj/optimize/5.0/bsource_2b273e_TranFuncSimLoad.o ./obj/optimize/5.0/bsource_2b273e_OpPointCalc.o ./obj/optimize/5.0/bsource_2b273e_cmi_c.o 
